<?xml version="1.0" encoding="UTF-8"?>
<!-- Generated by org.testng.reporters.JUnitReportReporter -->
<testsuite skipped="0" hostname="rubel" name="testRunner.FSconnection$TestRunner" tests="1" failures="0" timestamp="15 Dec 2017 16:12:46 GMT" time="14.736" errors="0">
  <testcase name="feature" time="14.736" classname="testRunner.FSconnection$TestRunner"/>
</testsuite> <!-- testRunner.FSconnection$TestRunner -->
